<?xml version="1.0" encoding="UTF-8"?>
<!-- Generated by org.testng.reporters.JUnitReportReporter -->
<testsuite hostname="LAPTOP-K2CU6ITL" failures="0" tests="3" name="testRunner.CucumberRunnerTests" time="175.211" errors="0" timestamp="2022-12-18T18:01:49 IST" skipped="0">
  <testcase classname="testRunner.CucumberRunnerTests" name="runScenario" time="36.759"/>
  <system-out/>
  <testcase classname="testRunner.CucumberRunnerTests" name="runScenario" time="99.627"/>
  <system-out/>
  <testcase classname="testRunner.CucumberRunnerTests" name="runScenario" time="38.825"/>
  <system-out/>
</testsuite> <!-- testRunner.CucumberRunnerTests -->
