<?xml version="1.0" encoding="UTF-8"?>
<!-- Generated by org.testng.reporters.JUnitReportReporter -->
<testsuite hostname="LAPTOP-K2CU6ITL" failures="0" tests="1" name="stepDefinitions.Learning_SD" time="19.766" errors="0" timestamp="2022-12-11T15:13:29 IST" skipped="0">
  <testcase classname="stepDefinitions.Learning_SD" name="user_nav_website" time="19.766"/>
  <system-out/>
</testsuite> <!-- stepDefinitions.Learning_SD -->
