<?xml version="1.0" encoding="UTF-8"?>
<!-- Generated by org.testng.reporters.JUnitReportReporter -->
<testsuite hostname="LAPTOP-K2CU6ITL" failures="0" tests="1" name="testRunner.CucumberRunnerTests" time="61.731" errors="0" timestamp="2022-12-11T19:15:30 IST" skipped="0">
  <testcase classname="testRunner.CucumberRunnerTests" name="runScenario" time="61.731"/>
  <system-out/>
</testsuite> <!-- testRunner.CucumberRunnerTests -->
