<?xml version="1.0" encoding="UTF-8"?>
<!-- Generated by org.testng.reporters.JUnitReportReporter -->
<testsuite hostname="LAPTOP-K2CU6ITL" failures="0" tests="1" name="testRunner.CucumberRunnerTests" time="17.629" errors="0" timestamp="2023-03-26T14:56:35 IST" skipped="0">
  <testcase classname="testRunner.CucumberRunnerTests" name="runScenario" time="17.629"/>
  <system-out/>
</testsuite> <!-- testRunner.CucumberRunnerTests -->
